C:\USERS\LIWU\DESKTOP\SNAKE_VERSION_FINAL\COCOSDENSHION\PROJ.WIN32\DEBUG.WIN32\MCIPLAYER.OBJ
C:\USERS\LIWU\DESKTOP\SNAKE_VERSION_FINAL\COCOSDENSHION\PROJ.WIN32\DEBUG.WIN32\SIMPLEAUDIOENGINE.OBJ
C:\USERS\LIWU\DESKTOP\SNAKE_VERSION_FINAL\COCOSDENSHION\PROJ.WIN32\DEBUG.WIN32\VC110.PDB
C:\Users\Liwu\Desktop\snake_version_final\Debug.win32\libCocosDenshion.lib
C:\Users\Liwu\Desktop\snake_version_final\Debug.win32\libCocosDenshion.exp
C:\USERS\LIWU\DESKTOP\SNAKE_VERSION_FINAL\DEBUG.WIN32\LIBCOCOSDENSHION.DLL
C:\USERS\LIWU\DESKTOP\SNAKE_VERSION_FINAL\DEBUG.WIN32\LIBCOCOSDENSHION.PDB
C:\Users\Liwu\Desktop\snake_version_final\CocosDenshion\proj.win32\Debug.win32\MciPlayer.obj
C:\Users\Liwu\Desktop\snake_version_final\CocosDenshion\proj.win32\Debug.win32\SimpleAudioEngine.obj
C:\Users\Liwu\Desktop\snake_version_final\CocosDenshion\proj.win32\Debug.win32\cl.command.1.tlog
C:\Users\Liwu\Desktop\snake_version_final\CocosDenshion\proj.win32\Debug.win32\CL.read.1.tlog
C:\Users\Liwu\Desktop\snake_version_final\CocosDenshion\proj.win32\Debug.win32\CL.write.1.tlog
C:\Users\Liwu\Desktop\snake_version_final\CocosDenshion\proj.win32\Debug.win32\libCocosDenshion.write.1.tlog
C:\Users\Liwu\Desktop\snake_version_final\CocosDenshion\proj.win32\Debug.win32\link-cvtres.read.1.tlog
C:\Users\Liwu\Desktop\snake_version_final\CocosDenshion\proj.win32\Debug.win32\link-cvtres.write.1.tlog
C:\Users\Liwu\Desktop\snake_version_final\CocosDenshion\proj.win32\Debug.win32\link-rc.read.1.tlog
C:\Users\Liwu\Desktop\snake_version_final\CocosDenshion\proj.win32\Debug.win32\link-rc.write.1.tlog
C:\Users\Liwu\Desktop\snake_version_final\CocosDenshion\proj.win32\Debug.win32\link.command.1.tlog
C:\Users\Liwu\Desktop\snake_version_final\CocosDenshion\proj.win32\Debug.win32\link.read.1.tlog
C:\Users\Liwu\Desktop\snake_version_final\CocosDenshion\proj.win32\Debug.win32\link.write.1.tlog
C:\Users\Liwu\Desktop\snake_version_final\CocosDenshion\proj.win32\Debug.win32\vc110.idb
C:\Users\Liwu\Desktop\snake_version_final\CocosDenshion\proj.win32\Debug.win32\vc110.pdb
C:\Users\Liwu\Desktop\snake_version_final\Debug.win32\libCocosDenshion.pdb
C:\Users\Liwu\Desktop\snake_version_final\Debug.win32\libCocosDenshion.dll
