F:\SNAKE\SNAKE\PROJ.WIN32\DEBUG.WIN32\MEDIATOR.OBJ
F:\SNAKE\SNAKE\PROJ.WIN32\DEBUG.WIN32\PLAYSCENE.OBJ
F:\SNAKE\SNAKE\PROJ.WIN32\DEBUG.WIN32\FOOD.OBJ
F:\SNAKE\SNAKE\PROJ.WIN32\DEBUG.WIN32\FOODFACTORY.OBJ
F:\SNAKE\SNAKE\PROJ.WIN32\DEBUG.WIN32\MAP.OBJ
F:\SNAKE\SNAKE\PROJ.WIN32\DEBUG.WIN32\POINT.OBJ
F:\SNAKE\SNAKE\PROJ.WIN32\DEBUG.WIN32\SNAKE.OBJ
F:\SNAKE\SNAKE\PROJ.WIN32\DEBUG.WIN32\SNAKENODE.OBJ
F:\SNAKE\SNAKE\PROJ.WIN32\DEBUG.WIN32\MAIN.OBJ
F:\SNAKE\SNAKE\PROJ.WIN32\DEBUG.WIN32\VC110.PDB
F:\SNAKE\SNAKE\PROJ.WIN32\DEBUG.WIN32\APPDELEGATE.OBJ
F:\SNAKE\SNAKE\PROJ.WIN32\DEBUG.WIN32\SNAKE.RES
F:\SNAKE\DEBUG.WIN32\SNAKE.WIN32.ILK
F:\SNAKE\DEBUG.WIN32\SNAKE.WIN32.EXE
F:\SNAKE\DEBUG.WIN32\SNAKE.WIN32.PDB
F:\snake\snake\proj.win32\Debug.win32\AppDelegate.obj
F:\snake\snake\proj.win32\Debug.win32\Mediator.obj
F:\snake\snake\proj.win32\Debug.win32\PlayScene.obj
F:\snake\snake\proj.win32\Debug.win32\Point.obj
F:\snake\snake\proj.win32\Debug.win32\Food.obj
F:\snake\snake\proj.win32\Debug.win32\SnakeNode.obj
F:\snake\snake\proj.win32\Debug.win32\main.obj
F:\snake\snake\proj.win32\Debug.win32\Map.obj
F:\snake\snake\proj.win32\Debug.win32\FoodFactory.obj
F:\snake\snake\proj.win32\Debug.win32\Snake.obj
F:\snake\snake\proj.win32\Debug.win32\link.10736.write.1.tlog
F:\snake\snake\proj.win32\Debug.win32\CL.read.1.tlog
F:\snake\snake\proj.win32\Debug.win32\CL.write.1.tlog
F:\snake\snake\proj.win32\Debug.win32\cl.command.1.tlog
F:\snake\snake\proj.win32\Debug.win32\link.5016-rc.read.1.tlog
F:\snake\snake\proj.win32\Debug.win32\rc.read.1.tlog
F:\snake\snake\proj.win32\Debug.win32\rc.write.1.tlog
F:\snake\snake\proj.win32\Debug.win32\rc.command.1.tlog
F:\snake\snake\proj.win32\Debug.win32\link-rc.read.1.tlog
F:\snake\snake\proj.win32\Debug.win32\link-rc.write.1.tlog
F:\snake\snake\proj.win32\Debug.win32\link-cvtres.read.1.tlog
F:\snake\snake\proj.win32\Debug.win32\link-cvtres.write.1.tlog
F:\snake\snake\proj.win32\Debug.win32\link.read.1.tlog
F:\snake\snake\proj.win32\Debug.win32\link.write.1.tlog
F:\snake\snake\proj.win32\Debug.win32\link.command.1.tlog
F:\snake\snake\proj.win32\Debug.win32\link.6216-rc.read.1.tlog
F:\snake\snake\proj.win32\Debug.win32\link.6216-rc.write.1.tlog
F:\snake\snake\proj.win32\Debug.win32\link.6216-cvtres.read.1.tlog
F:\snake\snake\proj.win32\Debug.win32\link.6216-cvtres.write.1.tlog
F:\snake\snake\proj.win32\Debug.win32\link.6216.read.1.tlog
F:\snake\snake\proj.win32\Debug.win32\link.6216.write.1.tlog
F:\snake\snake\proj.win32\Debug.win32\link.9244-rc.read.1.tlog
F:\snake\snake\proj.win32\Debug.win32\link.9244-rc.write.1.tlog
F:\snake\snake\proj.win32\Debug.win32\link.9244-cvtres.read.1.tlog
F:\snake\snake\proj.win32\Debug.win32\link.9244-cvtres.write.1.tlog
F:\snake\snake\proj.win32\Debug.win32\link.9244.read.1.tlog
F:\snake\snake\proj.win32\Debug.win32\link.9244.write.1.tlog
F:\snake\snake\proj.win32\Debug.win32\link.4836-rc.read.1.tlog
F:\snake\snake\proj.win32\Debug.win32\link.4836-rc.write.1.tlog
F:\snake\snake\proj.win32\Debug.win32\link.4836-cvtres.read.1.tlog
F:\snake\snake\proj.win32\Debug.win32\link.4836-cvtres.write.1.tlog
F:\snake\snake\proj.win32\Debug.win32\link.4836.read.1.tlog
F:\snake\snake\proj.win32\Debug.win32\link.4836.write.1.tlog
F:\snake\snake\proj.win32\Debug.win32\link.4796-rc.read.1.tlog
F:\snake\snake\proj.win32\Debug.win32\link.4796-rc.write.1.tlog
F:\snake\snake\proj.win32\Debug.win32\link.4796-cvtres.read.1.tlog
F:\snake\snake\proj.win32\Debug.win32\link.4796-cvtres.write.1.tlog
F:\snake\snake\proj.win32\Debug.win32\link.4796.read.1.tlog
F:\snake\snake\proj.win32\Debug.win32\link.4796.write.1.tlog
F:\snake\snake\proj.win32\Debug.win32\link.2636-rc.read.1.tlog
F:\snake\snake\proj.win32\Debug.win32\link.2636-rc.write.1.tlog
F:\snake\snake\proj.win32\Debug.win32\link.2636-cvtres.read.1.tlog
F:\snake\snake\proj.win32\Debug.win32\link.2636-cvtres.write.1.tlog
F:\snake\snake\proj.win32\Debug.win32\link.2636.read.1.tlog
F:\snake\snake\proj.win32\Debug.win32\link.2636.write.1.tlog
F:\snake\snake\proj.win32\Debug.win32\link.6344-rc.read.1.tlog
F:\snake\snake\proj.win32\Debug.win32\link.6344-rc.write.1.tlog
F:\snake\snake\proj.win32\Debug.win32\link.6344-cvtres.read.1.tlog
F:\snake\snake\proj.win32\Debug.win32\link.6344-cvtres.write.1.tlog
F:\snake\snake\proj.win32\Debug.win32\link.6344.read.1.tlog
F:\snake\snake\proj.win32\Debug.win32\link.6344.write.1.tlog
F:\snake\snake\proj.win32\Debug.win32\link.5060-rc.read.1.tlog
F:\snake\snake\proj.win32\Debug.win32\link.5060-rc.write.1.tlog
F:\snake\snake\proj.win32\Debug.win32\link.5060-cvtres.read.1.tlog
F:\snake\snake\proj.win32\Debug.win32\link.5060-cvtres.write.1.tlog
F:\snake\snake\proj.win32\Debug.win32\link.5060.read.1.tlog
F:\snake\snake\proj.win32\Debug.win32\link.5060.write.1.tlog
F:\snake\snake\proj.win32\Debug.win32\link.3356-rc.read.1.tlog
F:\snake\snake\proj.win32\Debug.win32\link.3356-rc.write.1.tlog
F:\snake\snake\proj.win32\Debug.win32\link.3356-cvtres.read.1.tlog
F:\snake\snake\proj.win32\Debug.win32\link.3356-cvtres.write.1.tlog
F:\snake\snake\proj.win32\Debug.win32\link.3356.read.1.tlog
F:\snake\snake\proj.win32\Debug.win32\link.3356.write.1.tlog
F:\snake\snake\proj.win32\Debug.win32\link.7368-rc.read.1.tlog
F:\snake\snake\proj.win32\Debug.win32\link.7368-rc.write.1.tlog
F:\snake\snake\proj.win32\Debug.win32\link.7368-cvtres.read.1.tlog
F:\snake\snake\proj.win32\Debug.win32\link.7368-cvtres.write.1.tlog
F:\snake\snake\proj.win32\Debug.win32\link.7368.read.1.tlog
F:\snake\snake\proj.win32\Debug.win32\link.7368.write.1.tlog
F:\snake\snake\proj.win32\Debug.win32\link.5016-rc.write.1.tlog
F:\snake\snake\proj.win32\Debug.win32\link.5016-cvtres.read.1.tlog
F:\snake\snake\proj.win32\Debug.win32\link.5016-cvtres.write.1.tlog
F:\snake\snake\proj.win32\Debug.win32\link.5016.read.1.tlog
F:\snake\snake\proj.win32\Debug.win32\link.5016.write.1.tlog
F:\snake\snake\proj.win32\Debug.win32\link.8252-rc.read.1.tlog
F:\snake\snake\proj.win32\Debug.win32\link.8252-rc.write.1.tlog
F:\snake\snake\proj.win32\Debug.win32\link.8252-cvtres.read.1.tlog
F:\snake\snake\proj.win32\Debug.win32\link.8252-cvtres.write.1.tlog
F:\snake\snake\proj.win32\Debug.win32\link.8252.read.1.tlog
F:\snake\snake\proj.win32\Debug.win32\link.8252.write.1.tlog
F:\snake\snake\proj.win32\Debug.win32\link.5136-rc.read.1.tlog
F:\snake\snake\proj.win32\Debug.win32\link.5136-rc.write.1.tlog
F:\snake\snake\proj.win32\Debug.win32\link.5136-cvtres.read.1.tlog
F:\snake\snake\proj.win32\Debug.win32\link.5136-cvtres.write.1.tlog
F:\snake\snake\proj.win32\Debug.win32\link.5136.read.1.tlog
F:\snake\snake\proj.win32\Debug.win32\link.5136.write.1.tlog
F:\snake\snake\proj.win32\Debug.win32\link.10736-rc.read.1.tlog
F:\snake\snake\proj.win32\Debug.win32\link.10736-rc.write.1.tlog
F:\snake\snake\proj.win32\Debug.win32\link.10736-cvtres.read.1.tlog
F:\snake\snake\proj.win32\Debug.win32\link.10736-cvtres.write.1.tlog
F:\snake\snake\proj.win32\Debug.win32\link.10736.read.1.tlog
F:\snake\snake\proj.win32\Debug.win32\snake.res
F:\snake\snake\proj.win32\Debug.win32\vc110.idb
F:\snake\snake\proj.win32\Debug.win32\vc110.pdb
F:\snake\Debug.win32\snake.win32.pdb
F:\snake\Debug.win32\snake.win32.exe
F:\snake\Debug.win32\snake.win32.ilk
