Build started 2013/5/13 星期一 18:45:09.
     1>Project "D:\用户目录\Documents\Visual Studio 2012\Projects\snake\snake\proj.win32\snake.win32.vcxproj" on node 2 (Build target(s)).
     1>ClCompile:
         C:\Program Files (x86)\Microsoft Visual Studio 11.0\VC\bin\CL.exe /c /I. /I..\Classes /I"D:\用户目录\Documents\Visual Studio 2012\Projects\snake\cocos2dx" /I"D:\用户目录\Documents\Visual Studio 2012\Projects\snake\cocos2dx\include" /I"D:\用户目录\Documents\Visual Studio 2012\Projects\snake\cocos2dx\kazmath\include" /I"D:\用户目录\Documents\Visual Studio 2012\Projects\snake\cocos2dx\platform\win32" /I"D:\用户目录\Documents\Visual Studio 2012\Projects\snake\cocos2dx\platform\third_party\win32" /I"D:\用户目录\Documents\Visual Studio 2012\Projects\snake\cocos2dx\platform\third_party\win32\OGLES" /I"D:\用户目录\Documents\Visual Studio 2012\Projects\snake\CocosDenshion\include" /ZI /nologo /W3 /WX- /Od /Oy- /D WIN32 /D _WINDOWS /D STRICT /D _CRT_SECURE_NO_WARNINGS /D _SCL_SECURE_NO_WARNINGS_DEBUG /D COCOS2D_DEBUG=1 /D _UNICODE /D UNICODE /Gm /EHsc /RTC1 /MDd /GS /fp:precise /Zc:wchar_t /Zc:forScope /Fo"Debug.win32\\" /Fd"Debug.win32\vc110.pdb" /Gd /TP /wd4267 /wd4251 /wd4244 /analyze- /errorReport:prompt ..\Classes\PlayScene.cpp
         PlayScene.cpp
       Link:
         C:\Program Files (x86)\Microsoft Visual Studio 11.0\VC\bin\link.exe /ERRORREPORT:PROMPT /OUT:"D:\用户目录\Documents\Visual Studio 2012\Projects\snake\Debug.win32\snake.win32.exe" /INCREMENTAL /NOLOGO /LIBPATH:"D:\用户目录\Documents\Visual Studio 2012\Projects\snake\Debug.win32\\" libcocos2d.lib opengl32.lib glew32.lib libCocosDenshion.lib kernel32.lib user32.lib gdi32.lib winspool.lib comdlg32.lib advapi32.lib shell32.lib ole32.lib oleaut32.lib uuid.lib odbc32.lib odbccp32.lib /MANIFEST /MANIFESTUAC:"level='asInvoker' uiAccess='false'" /manifest:embed /DEBUG /PDB:"D:\用户目录\Documents\Visual Studio 2012\Projects\snake\Debug.win32\snake.win32.pdb" /SUBSYSTEM:WINDOWS /TLBID:1 /DYNAMICBASE /NXCOMPAT /IMPLIB:"D:\用户目录\Documents\Visual Studio 2012\Projects\snake\Debug.win32\snake.win32.lib" /MACHINE:X86 Debug.win32\snake.res
         Debug.win32\AppDelegate.obj
         Debug.win32\Mediator.obj
         Debug.win32\PlayScene.obj
         Debug.win32\Food.obj
         Debug.win32\FoodFactory.obj
         Debug.win32\Map.obj
         Debug.win32\Snake.obj
         Debug.win32\SnakeNode.obj
         Debug.win32\main.obj
         snake.win32.vcxproj -> D:\用户目录\Documents\Visual Studio 2012\Projects\snake\Debug.win32\snake.win32.exe
     1>Done Building Project "D:\用户目录\Documents\Visual Studio 2012\Projects\snake\snake\proj.win32\snake.win32.vcxproj" (Build target(s)).

Build succeeded.

Time Elapsed 00:00:05.70
