C:\USERS\LIWU\DESKTOP\SNAKE_VERSION_FINAL\SNAKE\PROJ.WIN32\DEBUG.WIN32\ALLPASSSCENE.OBJ
C:\USERS\LIWU\DESKTOP\SNAKE_VERSION_FINAL\SNAKE\PROJ.WIN32\DEBUG.WIN32\APPDELEGATE.OBJ
C:\USERS\LIWU\DESKTOP\SNAKE_VERSION_FINAL\SNAKE\PROJ.WIN32\DEBUG.WIN32\MEDIATOR.OBJ
C:\USERS\LIWU\DESKTOP\SNAKE_VERSION_FINAL\SNAKE\PROJ.WIN32\DEBUG.WIN32\PLAYSCENE.OBJ
C:\USERS\LIWU\DESKTOP\SNAKE_VERSION_FINAL\SNAKE\PROJ.WIN32\DEBUG.WIN32\FOOD.OBJ
C:\USERS\LIWU\DESKTOP\SNAKE_VERSION_FINAL\SNAKE\PROJ.WIN32\DEBUG.WIN32\FOODFACTORY.OBJ
C:\USERS\LIWU\DESKTOP\SNAKE_VERSION_FINAL\SNAKE\PROJ.WIN32\DEBUG.WIN32\MAP.OBJ
C:\USERS\LIWU\DESKTOP\SNAKE_VERSION_FINAL\SNAKE\PROJ.WIN32\DEBUG.WIN32\MARSSNAKE.OBJ
C:\USERS\LIWU\DESKTOP\SNAKE_VERSION_FINAL\SNAKE\PROJ.WIN32\DEBUG.WIN32\POINT.OBJ
C:\USERS\LIWU\DESKTOP\SNAKE_VERSION_FINAL\SNAKE\PROJ.WIN32\DEBUG.WIN32\SCOREANDTIMEPANEL.OBJ
C:\USERS\LIWU\DESKTOP\SNAKE_VERSION_FINAL\SNAKE\PROJ.WIN32\DEBUG.WIN32\SNAKE.OBJ
C:\USERS\LIWU\DESKTOP\SNAKE_VERSION_FINAL\SNAKE\PROJ.WIN32\DEBUG.WIN32\SNAKEBASE.OBJ
C:\USERS\LIWU\DESKTOP\SNAKE_VERSION_FINAL\SNAKE\PROJ.WIN32\DEBUG.WIN32\SNAKENODE.OBJ
C:\USERS\LIWU\DESKTOP\SNAKE_VERSION_FINAL\SNAKE\PROJ.WIN32\DEBUG.WIN32\STARTMENU.OBJ
C:\USERS\LIWU\DESKTOP\SNAKE_VERSION_FINAL\SNAKE\PROJ.WIN32\DEBUG.WIN32\TOOLS.OBJ
C:\USERS\LIWU\DESKTOP\SNAKE_VERSION_FINAL\SNAKE\PROJ.WIN32\DEBUG.WIN32\MAIN.OBJ
C:\USERS\LIWU\DESKTOP\SNAKE_VERSION_FINAL\SNAKE\PROJ.WIN32\DEBUG.WIN32\VC110.PDB
C:\USERS\LIWU\DESKTOP\SNAKE_VERSION_FINAL\SNAKE\PROJ.WIN32\DEBUG.WIN32\CONTROLBUTTON.OBJ
C:\USERS\LIWU\DESKTOP\SNAKE_VERSION_FINAL\DEBUG.WIN32\SNAKE.WIN32.ILK
C:\USERS\LIWU\DESKTOP\SNAKE_VERSION_FINAL\DEBUG.WIN32\SNAKE.WIN32.EXE
C:\USERS\LIWU\DESKTOP\SNAKE_VERSION_FINAL\DEBUG.WIN32\SNAKE.WIN32.PDB
C:\USERS\LIWU\DESKTOP\SNAKE_VERSION_FINAL\SNAKE\PROJ.WIN32\DEBUG.WIN32\SNAKE.RES
C:\Users\Liwu\Desktop\snake_version_final\snake\proj.win32\Debug.win32\AllPassScene.obj
C:\Users\Liwu\Desktop\snake_version_final\snake\proj.win32\Debug.win32\AppDelegate.obj
C:\Users\Liwu\Desktop\snake_version_final\snake\proj.win32\Debug.win32\ControlButton.obj
C:\Users\Liwu\Desktop\snake_version_final\snake\proj.win32\Debug.win32\Food.obj
C:\Users\Liwu\Desktop\snake_version_final\snake\proj.win32\Debug.win32\FoodFactory.obj
C:\Users\Liwu\Desktop\snake_version_final\snake\proj.win32\Debug.win32\main.obj
C:\Users\Liwu\Desktop\snake_version_final\snake\proj.win32\Debug.win32\Map.obj
C:\Users\Liwu\Desktop\snake_version_final\snake\proj.win32\Debug.win32\MarsSnake.obj
C:\Users\Liwu\Desktop\snake_version_final\snake\proj.win32\Debug.win32\Mediator.obj
C:\Users\Liwu\Desktop\snake_version_final\snake\proj.win32\Debug.win32\PlayScene.obj
C:\Users\Liwu\Desktop\snake_version_final\snake\proj.win32\Debug.win32\Point.obj
C:\Users\Liwu\Desktop\snake_version_final\snake\proj.win32\Debug.win32\ScoreAndTimePanel.obj
C:\Users\Liwu\Desktop\snake_version_final\snake\proj.win32\Debug.win32\Snake.obj
C:\Users\Liwu\Desktop\snake_version_final\snake\proj.win32\Debug.win32\SnakeBase.obj
C:\Users\Liwu\Desktop\snake_version_final\snake\proj.win32\Debug.win32\SnakeNode.obj
C:\Users\Liwu\Desktop\snake_version_final\snake\proj.win32\Debug.win32\StartMenu.obj
C:\Users\Liwu\Desktop\snake_version_final\snake\proj.win32\Debug.win32\Tools.obj
C:\Users\Liwu\Desktop\snake_version_final\snake\proj.win32\Debug.win32\cl.command.1.tlog
C:\Users\Liwu\Desktop\snake_version_final\snake\proj.win32\Debug.win32\CL.read.1.tlog
C:\Users\Liwu\Desktop\snake_version_final\snake\proj.win32\Debug.win32\CL.write.1.tlog
C:\Users\Liwu\Desktop\snake_version_final\snake\proj.win32\Debug.win32\link-cvtres.read.1.tlog
C:\Users\Liwu\Desktop\snake_version_final\snake\proj.win32\Debug.win32\link-cvtres.write.1.tlog
C:\Users\Liwu\Desktop\snake_version_final\snake\proj.win32\Debug.win32\link-rc.read.1.tlog
C:\Users\Liwu\Desktop\snake_version_final\snake\proj.win32\Debug.win32\link-rc.write.1.tlog
C:\Users\Liwu\Desktop\snake_version_final\snake\proj.win32\Debug.win32\link.5744-cvtres.read.1.tlog
C:\Users\Liwu\Desktop\snake_version_final\snake\proj.win32\Debug.win32\link.5744-cvtres.write.1.tlog
C:\Users\Liwu\Desktop\snake_version_final\snake\proj.win32\Debug.win32\link.5744-rc.read.1.tlog
C:\Users\Liwu\Desktop\snake_version_final\snake\proj.win32\Debug.win32\link.5744-rc.write.1.tlog
C:\Users\Liwu\Desktop\snake_version_final\snake\proj.win32\Debug.win32\link.5744.read.1.tlog
C:\Users\Liwu\Desktop\snake_version_final\snake\proj.win32\Debug.win32\link.5744.write.1.tlog
C:\Users\Liwu\Desktop\snake_version_final\snake\proj.win32\Debug.win32\link.7440-cvtres.read.1.tlog
C:\Users\Liwu\Desktop\snake_version_final\snake\proj.win32\Debug.win32\link.7440-cvtres.write.1.tlog
C:\Users\Liwu\Desktop\snake_version_final\snake\proj.win32\Debug.win32\link.7440-rc.read.1.tlog
C:\Users\Liwu\Desktop\snake_version_final\snake\proj.win32\Debug.win32\link.7440-rc.write.1.tlog
C:\Users\Liwu\Desktop\snake_version_final\snake\proj.win32\Debug.win32\link.7440.read.1.tlog
C:\Users\Liwu\Desktop\snake_version_final\snake\proj.win32\Debug.win32\link.7440.write.1.tlog
C:\Users\Liwu\Desktop\snake_version_final\snake\proj.win32\Debug.win32\link.command.1.tlog
C:\Users\Liwu\Desktop\snake_version_final\snake\proj.win32\Debug.win32\link.read.1.tlog
C:\Users\Liwu\Desktop\snake_version_final\snake\proj.win32\Debug.win32\link.write.1.tlog
C:\Users\Liwu\Desktop\snake_version_final\snake\proj.win32\Debug.win32\rc.command.1.tlog
C:\Users\Liwu\Desktop\snake_version_final\snake\proj.win32\Debug.win32\rc.read.1.tlog
C:\Users\Liwu\Desktop\snake_version_final\snake\proj.win32\Debug.win32\rc.write.1.tlog
C:\Users\Liwu\Desktop\snake_version_final\snake\proj.win32\Debug.win32\snake.res
C:\Users\Liwu\Desktop\snake_version_final\snake\proj.win32\Debug.win32\vc110.idb
C:\Users\Liwu\Desktop\snake_version_final\snake\proj.win32\Debug.win32\vc110.pdb
C:\Users\Liwu\Desktop\snake_version_final\Debug.win32\snake.win32.pdb
C:\Users\Liwu\Desktop\snake_version_final\Debug.win32\snake.win32.exe
C:\Users\Liwu\Desktop\snake_version_final\Debug.win32\snake.win32.ilk
